# 1. UNION의 단점

---

외부적으로는 하나의 SQL 구문을 실행하는 것처럼 보이지만, 내부적으로는 여러 개의 SELECT 구문을 실행하기 때문에 테이블에 접근하는 **I/O 비용이 크게 증가**한다.

# UNION 조건 분기

---

2001년 이전과 2002년 이후를 구분해서 가격을 선택하는 쿼리문.

```sql
	SELECT item_name, year, price_tax_ex AS price
		FROM Items
		WHERE year <= 2001
	UNION ALL
	SELECT item_name, year, price_tax_ex AS price
		FROM Items
		WHERE year <= 2002
```

<PostgreSQL 실행계획>

```sql
Append (cost=0.00..2.42 rows=12 width=47)
Seq Scan on items (cost=0.00..1.15 rows=6 width=47)
Filter: (year <= 2001)
Seq Scan on items (cost=0.00..1.15 rows=6 width=47)
Filter: (year >= 2002)
```

실행 계획에서 확인 가능하듯 Item 테이블에 Table access full 로 2회 접근이 발생한다. 즉, **성능 저하**와 쓸데없이 **길다**는 문제가 발생한다.

# SELECT 에서 조건 분기

---

> *조건 분기를 WHERE 구로 하는 사람은 초보자다. 잘 하는 사람은 SELECT 구만으로 조건 분기를 한다’*
> 

**UNION에서 발생하는 문제는 SELECT 구에서 CASE 조건 분기**를 이용해 해결할 수 있다.

변경한 쿼리문

```sql
SELECT item_name, year
	CASE WHEN year <= 2001 THEN price_tax_ex
		WHEN year >= 2002 THEN price_tax_in END AS price
	FROM Items;
```

<PostagreSQL 실행계획>

```sql
Seq Scan on items (cost=0.00..1.18 rows=12 width=51)
```

Items 테이블 접근이 1회로 감소했다. 또한 SQL 구문의 가독성도 향상됐음을 볼 수 있다.

# 정리

---

`UNION`을 이용한 분기는 `SELECT` **‘구문’**을 기본 단위로 분기하고 있다. 즉, **절차 지향형**의 방식이다. 그러나 `CASE` 식을 사용한 분기는 **‘식’**을 바탕으로 사고하는 방식이다. SQL을 마스터하기 위해서는 **‘구문’에서 ‘식’으로 사고를 변경하는 연습**이 필요하다.