**이전 강에 이어 집계 대상에 대한 조건 분기도 CASE를 잘 활용하면 성능적 이점을 얻을 수 있다.**

<aside>

예제 조건

- 지역별 남녀 인구를 기록하는 Population 테이블.
- 지역별, 성별 구분으로 인구 조회
</aside>

# 집계 대상 조건 분기 - UNION

---

절차 지향적인 방식으로 쿼리를 구성하면 아래와 같은 과정을 거친다.

1. 남성 인구를 지역별로 구하기
2. 여성 인구를 지역별로 구하기
3. 위 두 개를 merge 하기

```sql
SELECT prefecture, SUM(pop_men) AS pop_men, SUM(pop_wom) AS pop_wom
	FROM ( SELECT prefecture, pop AS pop_men, null AS pop_wom
				FROM Population
			WHERE sex = '1' -- 남성
			UNION
		SELECT prefecture, NULL AS pop_men, pop AS pop_wom
				FROM Population
			WHERE sex = '2') TMP -- 여성
GROUP BY prefecture;
```

<PostgreSQL 실행계획>

```sql
HashAggregate (cost=2.70. .2.80 roWS=10 width=9o)
	-> HashAggregate (cost=2.43. 2.53 rows=10 width=11)
		-> Append (cost=0. 00..2.35 rows=10 width=11)
			-> Seq Scan on population (cost=0.00. 1.13 rows=5 width=11)
						Filter: (sex = 1': bpchar)
		-> Seq Scan on population (cost=0.00..1.13 rows=5 width=11)
					Filter: (sex = '2': bpchar)
```

### full scan이 2회 수행된다.

참고) HashAggregate(): 그룹 연산을 수행할 때 사용하는 방법

# 집계 대상 조건 분기 - CASE

---

이전 강과 마찬가지로 SELECT 에서 CASE를 사용하는 방법으로 변경할 수 있을 뿐만 아니라 **HAVING에서의 분기도 대체** 할 수 있다.

```sql
SELECT prefecture,
		SUM(CASE WHEN sex = '1' THEN pop ELSE 0 END) AS pop_men,
		SUM (CASE WHEN sex = '2' THEN pop ELSE 0 END) AS pop_wom
	FROM Population
GROUP BY prefecture;
```

<PostgreSQL 실행계획>

```sql
HashAggregate (cost=1.23..1.28 rows=5 width=13)
→ Seq Scan on population (cost=0.00..1.10 rows=10 width=13)
```

**쿼리가 단순**해질 뿐만 아니라 풀 스캔이 1회로 감소해 **성능도 향상** 된다.